BibleGatewayScraper:INFO - ***********BibleGatewayScraper Started************
BibleGatewayScraper:INFO - Queue: 314 || Crawled: 1 || Verses Found: 1
BibleGatewayScraper:INFO - Queue: 313 || Crawled: 2 || Verses Found: 2
BibleGatewayScraper:INFO - Queue: 312 || Crawled: 3 || Verses Found: 3
BibleGatewayScraper:INFO - Queue: 311 || Crawled: 4 || Verses Found: 4
BibleGatewayScraper:INFO - Queue: 310 || Crawled: 5 || Verses Found: 5
BibleGatewayScraper:INFO - Queue: 309 || Crawled: 6 || Verses Found: 6
BibleGatewayScraper:INFO - Queue: 308 || Crawled: 7 || Verses Found: 7
BibleGatewayScraper:INFO - Queue: 307 || Crawled: 8 || Verses Found: 8
BibleGatewayScraper:INFO - Queue: 306 || Crawled: 9 || Verses Found: 9
BibleGatewayScraper:INFO - Queue: 305 || Crawled: 10 || Verses Found: 10
BibleGatewayScraper:INFO - Queue: 304 || Crawled: 11 || Verses Found: 11
BibleGatewayScraper:INFO - Queue: 303 || Crawled: 12 || Verses Found: 12
BibleGatewayScraper:INFO - Queue: 302 || Crawled: 13 || Verses Found: 13
BibleGatewayScraper:INFO - Queue: 301 || Crawled: 14 || Verses Found: 14
BibleGatewayScraper:INFO - Queue: 300 || Crawled: 15 || Verses Found: 15
BibleGatewayScraper:INFO - Queue: 299 || Crawled: 16 || Verses Found: 16
BibleGatewayScraper:INFO - Queue: 298 || Crawled: 17 || Verses Found: 17
BibleGatewayScraper:INFO - Queue: 297 || Crawled: 18 || Verses Found: 18
BibleGatewayScraper:INFO - Queue: 296 || Crawled: 19 || Verses Found: 19
BibleGatewayScraper:INFO - Queue: 295 || Crawled: 20 || Verses Found: 20
BibleGatewayScraper:INFO - Queue: 294 || Crawled: 21 || Verses Found: 21
BibleGatewayScraper:INFO - Queue: 293 || Crawled: 22 || Verses Found: 22
BibleGatewayScraper:INFO - Queue: 292 || Crawled: 23 || Verses Found: 23
BibleGatewayScraper:INFO - Queue: 291 || Crawled: 24 || Verses Found: 24
BibleGatewayScraper:INFO - Queue: 290 || Crawled: 25 || Verses Found: 25
BibleGatewayScraper:INFO - Queue: 289 || Crawled: 26 || Verses Found: 26
BibleGatewayScraper:INFO - Queue: 288 || Crawled: 27 || Verses Found: 27
BibleGatewayScraper:INFO - Queue: 287 || Crawled: 28 || Verses Found: 28
BibleGatewayScraper:INFO - Queue: 286 || Crawled: 29 || Verses Found: 29
BibleGatewayScraper:INFO - Queue: 285 || Crawled: 30 || Verses Found: 30
BibleGatewayScraper:INFO - Queue: 284 || Crawled: 31 || Verses Found: 31
BibleGatewayScraper:INFO - Queue: 283 || Crawled: 32 || Verses Found: 32
BibleGatewayScraper:INFO - Queue: 282 || Crawled: 33 || Verses Found: 33
BibleGatewayScraper:INFO - Queue: 281 || Crawled: 34 || Verses Found: 34
BibleGatewayScraper:INFO - Queue: 280 || Crawled: 35 || Verses Found: 35
BibleGatewayScraper:INFO - Queue: 279 || Crawled: 36 || Verses Found: 36
BibleGatewayScraper:INFO - Queue: 278 || Crawled: 37 || Verses Found: 37
BibleGatewayScraper:INFO - Queue: 277 || Crawled: 38 || Verses Found: 38
BibleGatewayScraper:INFO - Queue: 276 || Crawled: 39 || Verses Found: 39
BibleGatewayScraper:INFO - Queue: 275 || Crawled: 40 || Verses Found: 40
BibleGatewayScraper:INFO - Queue: 274 || Crawled: 41 || Verses Found: 41
BibleGatewayScraper:INFO - Queue: 273 || Crawled: 42 || Verses Found: 42
BibleGatewayScraper:INFO - Queue: 272 || Crawled: 43 || Verses Found: 43
BibleGatewayScraper:INFO - Queue: 271 || Crawled: 44 || Verses Found: 44
BibleGatewayScraper:INFO - Queue: 270 || Crawled: 45 || Verses Found: 45
BibleGatewayScraper:INFO - Queue: 269 || Crawled: 46 || Verses Found: 46
BibleGatewayScraper:INFO - Queue: 268 || Crawled: 47 || Verses Found: 47
BibleGatewayScraper:INFO - Queue: 267 || Crawled: 48 || Verses Found: 48
BibleGatewayScraper:INFO - Queue: 266 || Crawled: 49 || Verses Found: 49
BibleGatewayScraper:INFO - Queue: 265 || Crawled: 50 || Verses Found: 50
BibleGatewayScraper:INFO - Queue: 264 || Crawled: 51 || Verses Found: 51
BibleGatewayScraper:INFO - Queue: 263 || Crawled: 52 || Verses Found: 52
BibleGatewayScraper:INFO - Queue: 262 || Crawled: 53 || Verses Found: 53
BibleGatewayScraper:INFO - Queue: 261 || Crawled: 54 || Verses Found: 54
BibleGatewayScraper:INFO - Queue: 260 || Crawled: 55 || Verses Found: 55
BibleGatewayScraper:INFO - Queue: 259 || Crawled: 56 || Verses Found: 56
BibleGatewayScraper:INFO - Queue: 258 || Crawled: 57 || Verses Found: 57
BibleGatewayScraper:INFO - Queue: 257 || Crawled: 58 || Verses Found: 58
BibleGatewayScraper:INFO - Queue: 256 || Crawled: 59 || Verses Found: 59
BibleGatewayScraper:INFO - Queue: 255 || Crawled: 60 || Verses Found: 60
BibleGatewayScraper:INFO - Queue: 254 || Crawled: 61 || Verses Found: 61
BibleGatewayScraper:INFO - Queue: 253 || Crawled: 62 || Verses Found: 62
BibleGatewayScraper:INFO - Queue: 252 || Crawled: 63 || Verses Found: 63
BibleGatewayScraper:INFO - Queue: 251 || Crawled: 64 || Verses Found: 64
BibleGatewayScraper:INFO - Queue: 250 || Crawled: 65 || Verses Found: 65
BibleGatewayScraper:INFO - Queue: 249 || Crawled: 66 || Verses Found: 66
BibleGatewayScraper:INFO - Queue: 248 || Crawled: 67 || Verses Found: 67
BibleGatewayScraper:INFO - Queue: 247 || Crawled: 68 || Verses Found: 68
BibleGatewayScraper:INFO - Queue: 246 || Crawled: 69 || Verses Found: 69
BibleGatewayScraper:INFO - Queue: 245 || Crawled: 70 || Verses Found: 70
BibleGatewayScraper:INFO - Queue: 244 || Crawled: 71 || Verses Found: 71
BibleGatewayScraper:INFO - Queue: 243 || Crawled: 72 || Verses Found: 72
BibleGatewayScraper:INFO - Queue: 242 || Crawled: 73 || Verses Found: 73
BibleGatewayScraper:INFO - Queue: 241 || Crawled: 74 || Verses Found: 74
BibleGatewayScraper:INFO - Queue: 240 || Crawled: 75 || Verses Found: 75
BibleGatewayScraper:INFO - Queue: 239 || Crawled: 76 || Verses Found: 76
BibleGatewayScraper:INFO - Queue: 238 || Crawled: 77 || Verses Found: 77
BibleGatewayScraper:INFO - Queue: 237 || Crawled: 78 || Verses Found: 78
BibleGatewayScraper:INFO - Queue: 236 || Crawled: 79 || Verses Found: 79
BibleGatewayScraper:INFO - Queue: 235 || Crawled: 80 || Verses Found: 80
BibleGatewayScraper:INFO - Queue: 234 || Crawled: 81 || Verses Found: 81
BibleGatewayScraper:INFO - Queue: 233 || Crawled: 82 || Verses Found: 82
BibleGatewayScraper:INFO - Queue: 232 || Crawled: 83 || Verses Found: 83
BibleGatewayScraper:INFO - Queue: 231 || Crawled: 84 || Verses Found: 84
BibleGatewayScraper:INFO - Queue: 230 || Crawled: 85 || Verses Found: 85
BibleGatewayScraper:INFO - Queue: 229 || Crawled: 86 || Verses Found: 86
BibleGatewayScraper:INFO - Queue: 228 || Crawled: 87 || Verses Found: 87
BibleGatewayScraper:INFO - Queue: 227 || Crawled: 88 || Verses Found: 88
BibleGatewayScraper:INFO - Queue: 226 || Crawled: 89 || Verses Found: 89
BibleGatewayScraper:INFO - Queue: 225 || Crawled: 90 || Verses Found: 90
BibleGatewayScraper:INFO - Queue: 224 || Crawled: 91 || Verses Found: 91
BibleGatewayScraper:INFO - Queue: 223 || Crawled: 92 || Verses Found: 92
BibleGatewayScraper:INFO - Queue: 222 || Crawled: 93 || Verses Found: 93
BibleGatewayScraper:INFO - Queue: 221 || Crawled: 94 || Verses Found: 94
BibleGatewayScraper:INFO - Queue: 220 || Crawled: 95 || Verses Found: 95
BibleGatewayScraper:INFO - Queue: 219 || Crawled: 96 || Verses Found: 96
BibleGatewayScraper:INFO - Queue: 218 || Crawled: 97 || Verses Found: 97
BibleGatewayScraper:INFO - Queue: 217 || Crawled: 98 || Verses Found: 98
BibleGatewayScraper:INFO - Queue: 216 || Crawled: 99 || Verses Found: 99
BibleGatewayScraper:INFO - Queue: 215 || Crawled: 100 || Verses Found: 100
BibleGatewayScraper:INFO - Queue: 214 || Crawled: 101 || Verses Found: 101
BibleGatewayScraper:INFO - Queue: 213 || Crawled: 102 || Verses Found: 102
BibleGatewayScraper:INFO - Queue: 212 || Crawled: 103 || Verses Found: 103
BibleGatewayScraper:INFO - Queue: 211 || Crawled: 104 || Verses Found: 104
BibleGatewayScraper:INFO - Queue: 210 || Crawled: 105 || Verses Found: 105
BibleGatewayScraper:INFO - Queue: 209 || Crawled: 106 || Verses Found: 106
BibleGatewayScraper:INFO - Queue: 208 || Crawled: 107 || Verses Found: 107
BibleGatewayScraper:INFO - Queue: 207 || Crawled: 108 || Verses Found: 108
BibleGatewayScraper:INFO - Queue: 206 || Crawled: 109 || Verses Found: 109
BibleGatewayScraper:INFO - Queue: 205 || Crawled: 110 || Verses Found: 110
BibleGatewayScraper:INFO - Queue: 204 || Crawled: 111 || Verses Found: 111
BibleGatewayScraper:INFO - Queue: 203 || Crawled: 112 || Verses Found: 112
BibleGatewayScraper:INFO - Queue: 202 || Crawled: 113 || Verses Found: 113
BibleGatewayScraper:INFO - Queue: 201 || Crawled: 114 || Verses Found: 114
BibleGatewayScraper:INFO - Queue: 200 || Crawled: 115 || Verses Found: 115
BibleGatewayScraper:INFO - Queue: 199 || Crawled: 116 || Verses Found: 116
BibleGatewayScraper:INFO - Queue: 198 || Crawled: 117 || Verses Found: 117
BibleGatewayScraper:INFO - Queue: 197 || Crawled: 118 || Verses Found: 118
BibleGatewayScraper:INFO - Queue: 196 || Crawled: 119 || Verses Found: 119
BibleGatewayScraper:INFO - Queue: 195 || Crawled: 120 || Verses Found: 120
BibleGatewayScraper:INFO - Queue: 194 || Crawled: 121 || Verses Found: 121
BibleGatewayScraper:INFO - Queue: 193 || Crawled: 122 || Verses Found: 122
BibleGatewayScraper:INFO - Queue: 192 || Crawled: 123 || Verses Found: 123
BibleGatewayScraper:INFO - Queue: 191 || Crawled: 124 || Verses Found: 124
BibleGatewayScraper:INFO - Queue: 190 || Crawled: 125 || Verses Found: 125
BibleGatewayScraper:INFO - Queue: 189 || Crawled: 126 || Verses Found: 126
BibleGatewayScraper:INFO - Queue: 188 || Crawled: 127 || Verses Found: 127
BibleGatewayScraper:INFO - Queue: 187 || Crawled: 128 || Verses Found: 128
BibleGatewayScraper:INFO - Queue: 186 || Crawled: 129 || Verses Found: 129
BibleGatewayScraper:INFO - Queue: 185 || Crawled: 130 || Verses Found: 130
BibleGatewayScraper:INFO - Queue: 184 || Crawled: 131 || Verses Found: 131
BibleGatewayScraper:INFO - Queue: 183 || Crawled: 132 || Verses Found: 132
BibleGatewayScraper:INFO - Queue: 182 || Crawled: 133 || Verses Found: 133
BibleGatewayScraper:INFO - Queue: 181 || Crawled: 134 || Verses Found: 134
BibleGatewayScraper:INFO - Queue: 180 || Crawled: 135 || Verses Found: 135
BibleGatewayScraper:INFO - Queue: 179 || Crawled: 136 || Verses Found: 136
BibleGatewayScraper:INFO - Queue: 178 || Crawled: 137 || Verses Found: 137
BibleGatewayScraper:INFO - Queue: 177 || Crawled: 138 || Verses Found: 138
BibleGatewayScraper:INFO - Queue: 176 || Crawled: 139 || Verses Found: 139
BibleGatewayScraper:INFO - Queue: 175 || Crawled: 140 || Verses Found: 140
BibleGatewayScraper:INFO - Queue: 174 || Crawled: 141 || Verses Found: 141
BibleGatewayScraper:INFO - Queue: 173 || Crawled: 142 || Verses Found: 142
BibleGatewayScraper:INFO - Queue: 172 || Crawled: 143 || Verses Found: 143
BibleGatewayScraper:INFO - Queue: 171 || Crawled: 144 || Verses Found: 144
BibleGatewayScraper:INFO - Queue: 170 || Crawled: 145 || Verses Found: 145
BibleGatewayScraper:INFO - Queue: 169 || Crawled: 146 || Verses Found: 146
BibleGatewayScraper:INFO - Queue: 168 || Crawled: 147 || Verses Found: 147
BibleGatewayScraper:INFO - Queue: 167 || Crawled: 148 || Verses Found: 148
BibleGatewayScraper:INFO - Queue: 166 || Crawled: 149 || Verses Found: 149
BibleGatewayScraper:INFO - Queue: 165 || Crawled: 150 || Verses Found: 150
BibleGatewayScraper:INFO - Queue: 164 || Crawled: 151 || Verses Found: 151
BibleGatewayScraper:INFO - Queue: 163 || Crawled: 152 || Verses Found: 152
BibleGatewayScraper:INFO - Queue: 162 || Crawled: 153 || Verses Found: 153
BibleGatewayScraper:INFO - Queue: 161 || Crawled: 154 || Verses Found: 154
BibleGatewayScraper:INFO - Queue: 160 || Crawled: 155 || Verses Found: 155
BibleGatewayScraper:INFO - Queue: 159 || Crawled: 156 || Verses Found: 156
BibleGatewayScraper:INFO - Queue: 158 || Crawled: 157 || Verses Found: 157
BibleGatewayScraper:INFO - Queue: 157 || Crawled: 158 || Verses Found: 158
BibleGatewayScraper:INFO - Queue: 156 || Crawled: 159 || Verses Found: 159
BibleGatewayScraper:INFO - Queue: 155 || Crawled: 160 || Verses Found: 160
BibleGatewayScraper:INFO - Queue: 154 || Crawled: 161 || Verses Found: 161
BibleGatewayScraper:INFO - Queue: 153 || Crawled: 162 || Verses Found: 162
BibleGatewayScraper:INFO - Queue: 152 || Crawled: 163 || Verses Found: 163
BibleGatewayScraper:INFO - Queue: 151 || Crawled: 164 || Verses Found: 164
BibleGatewayScraper:INFO - Queue: 150 || Crawled: 165 || Verses Found: 165
BibleGatewayScraper:INFO - Queue: 149 || Crawled: 166 || Verses Found: 166
BibleGatewayScraper:INFO - Queue: 148 || Crawled: 167 || Verses Found: 167
BibleGatewayScraper:INFO - Queue: 147 || Crawled: 168 || Verses Found: 168
BibleGatewayScraper:INFO - Queue: 146 || Crawled: 169 || Verses Found: 169
BibleGatewayScraper:INFO - Queue: 145 || Crawled: 170 || Verses Found: 170
BibleGatewayScraper:INFO - Queue: 144 || Crawled: 171 || Verses Found: 171
BibleGatewayScraper:INFO - Queue: 143 || Crawled: 172 || Verses Found: 172
BibleGatewayScraper:INFO - Queue: 142 || Crawled: 173 || Verses Found: 173
BibleGatewayScraper:INFO - Queue: 141 || Crawled: 174 || Verses Found: 174
BibleGatewayScraper:INFO - Queue: 140 || Crawled: 175 || Verses Found: 175
BibleGatewayScraper:INFO - Queue: 139 || Crawled: 176 || Verses Found: 176
BibleGatewayScraper:INFO - Queue: 138 || Crawled: 177 || Verses Found: 177
BibleGatewayScraper:INFO - Queue: 137 || Crawled: 178 || Verses Found: 178
BibleGatewayScraper:INFO - Queue: 136 || Crawled: 179 || Verses Found: 179
BibleGatewayScraper:INFO - Queue: 135 || Crawled: 180 || Verses Found: 180
BibleGatewayScraper:INFO - Queue: 134 || Crawled: 181 || Verses Found: 181
BibleGatewayScraper:INFO - Queue: 133 || Crawled: 182 || Verses Found: 182
BibleGatewayScraper:INFO - Queue: 132 || Crawled: 183 || Verses Found: 183
BibleGatewayScraper:INFO - Queue: 131 || Crawled: 184 || Verses Found: 184
BibleGatewayScraper:INFO - Queue: 130 || Crawled: 185 || Verses Found: 185
BibleGatewayScraper:INFO - Queue: 129 || Crawled: 186 || Verses Found: 186
BibleGatewayScraper:INFO - Queue: 128 || Crawled: 187 || Verses Found: 187
BibleGatewayScraper:INFO - Queue: 127 || Crawled: 188 || Verses Found: 188
BibleGatewayScraper:INFO - Queue: 126 || Crawled: 189 || Verses Found: 189
BibleGatewayScraper:INFO - Queue: 125 || Crawled: 190 || Verses Found: 190
BibleGatewayScraper:INFO - Queue: 124 || Crawled: 191 || Verses Found: 191
BibleGatewayScraper:INFO - Queue: 123 || Crawled: 192 || Verses Found: 192
BibleGatewayScraper:INFO - Queue: 122 || Crawled: 193 || Verses Found: 193
BibleGatewayScraper:INFO - Queue: 121 || Crawled: 194 || Verses Found: 194
BibleGatewayScraper:INFO - Queue: 120 || Crawled: 195 || Verses Found: 195
BibleGatewayScraper:INFO - Queue: 119 || Crawled: 196 || Verses Found: 196
BibleGatewayScraper:INFO - Queue: 118 || Crawled: 197 || Verses Found: 197
BibleGatewayScraper:INFO - Queue: 117 || Crawled: 198 || Verses Found: 198
BibleGatewayScraper:INFO - Queue: 116 || Crawled: 199 || Verses Found: 199
BibleGatewayScraper:INFO - Queue: 115 || Crawled: 200 || Verses Found: 200
BibleGatewayScraper:INFO - Queue: 114 || Crawled: 201 || Verses Found: 201
BibleGatewayScraper:INFO - Queue: 113 || Crawled: 202 || Verses Found: 202
BibleGatewayScraper:INFO - Queue: 112 || Crawled: 203 || Verses Found: 203
BibleGatewayScraper:INFO - Queue: 111 || Crawled: 204 || Verses Found: 204
BibleGatewayScraper:INFO - Saving data retrieved...
BibleGatewayScraper:INFO - 200 records saved to biblegateway_results_2023-12-22.csv
BibleGatewayScraper:INFO - Queue: 110 || Crawled: 205 || Verses Found: 205
BibleGatewayScraper:INFO - Queue: 109 || Crawled: 206 || Verses Found: 206
BibleGatewayScraper:INFO - Queue: 108 || Crawled: 207 || Verses Found: 207
BibleGatewayScraper:INFO - Queue: 107 || Crawled: 208 || Verses Found: 208
BibleGatewayScraper:INFO - Queue: 106 || Crawled: 209 || Verses Found: 209
BibleGatewayScraper:INFO - Queue: 105 || Crawled: 210 || Verses Found: 210
BibleGatewayScraper:INFO - Queue: 104 || Crawled: 211 || Verses Found: 211
BibleGatewayScraper:INFO - Queue: 103 || Crawled: 212 || Verses Found: 212
BibleGatewayScraper:INFO - Queue: 102 || Crawled: 213 || Verses Found: 213
BibleGatewayScraper:INFO - Queue: 101 || Crawled: 214 || Verses Found: 214
BibleGatewayScraper:INFO - Queue: 100 || Crawled: 215 || Verses Found: 215
BibleGatewayScraper:INFO - Queue: 99 || Crawled: 216 || Verses Found: 216
BibleGatewayScraper:INFO - Queue: 98 || Crawled: 217 || Verses Found: 217
BibleGatewayScraper:INFO - Queue: 97 || Crawled: 218 || Verses Found: 218
BibleGatewayScraper:INFO - Queue: 96 || Crawled: 219 || Verses Found: 219
BibleGatewayScraper:INFO - Queue: 95 || Crawled: 220 || Verses Found: 220
BibleGatewayScraper:INFO - Queue: 94 || Crawled: 221 || Verses Found: 221
BibleGatewayScraper:INFO - Queue: 93 || Crawled: 222 || Verses Found: 222
BibleGatewayScraper:INFO - Queue: 92 || Crawled: 223 || Verses Found: 223
BibleGatewayScraper:INFO - Queue: 91 || Crawled: 224 || Verses Found: 224
BibleGatewayScraper:INFO - Queue: 90 || Crawled: 225 || Verses Found: 225
BibleGatewayScraper:INFO - Queue: 89 || Crawled: 226 || Verses Found: 226
BibleGatewayScraper:INFO - Queue: 88 || Crawled: 227 || Verses Found: 227
BibleGatewayScraper:INFO - Queue: 87 || Crawled: 228 || Verses Found: 228
BibleGatewayScraper:INFO - Queue: 86 || Crawled: 229 || Verses Found: 229
BibleGatewayScraper:INFO - Queue: 85 || Crawled: 230 || Verses Found: 230
BibleGatewayScraper:INFO - Queue: 84 || Crawled: 231 || Verses Found: 231
BibleGatewayScraper:INFO - Queue: 83 || Crawled: 232 || Verses Found: 232
BibleGatewayScraper:INFO - Queue: 82 || Crawled: 233 || Verses Found: 233
BibleGatewayScraper:INFO - Queue: 81 || Crawled: 234 || Verses Found: 234
BibleGatewayScraper:INFO - Queue: 80 || Crawled: 235 || Verses Found: 235
BibleGatewayScraper:INFO - Queue: 79 || Crawled: 236 || Verses Found: 236
BibleGatewayScraper:INFO - Queue: 78 || Crawled: 237 || Verses Found: 237
BibleGatewayScraper:INFO - Queue: 77 || Crawled: 238 || Verses Found: 238
BibleGatewayScraper:INFO - Queue: 76 || Crawled: 239 || Verses Found: 239
BibleGatewayScraper:INFO - Queue: 75 || Crawled: 240 || Verses Found: 240
BibleGatewayScraper:INFO - Queue: 74 || Crawled: 241 || Verses Found: 241
BibleGatewayScraper:INFO - Queue: 73 || Crawled: 242 || Verses Found: 242
BibleGatewayScraper:INFO - Queue: 72 || Crawled: 243 || Verses Found: 243
BibleGatewayScraper:INFO - Queue: 71 || Crawled: 244 || Verses Found: 244
BibleGatewayScraper:INFO - Queue: 70 || Crawled: 245 || Verses Found: 245
BibleGatewayScraper:INFO - Queue: 69 || Crawled: 246 || Verses Found: 246
BibleGatewayScraper:INFO - Queue: 68 || Crawled: 247 || Verses Found: 247
BibleGatewayScraper:INFO - Queue: 67 || Crawled: 248 || Verses Found: 248
BibleGatewayScraper:INFO - Queue: 66 || Crawled: 249 || Verses Found: 249
BibleGatewayScraper:INFO - Queue: 65 || Crawled: 250 || Verses Found: 250
BibleGatewayScraper:INFO - Queue: 64 || Crawled: 251 || Verses Found: 251
BibleGatewayScraper:INFO - Queue: 63 || Crawled: 252 || Verses Found: 252
BibleGatewayScraper:INFO - Queue: 62 || Crawled: 253 || Verses Found: 253
BibleGatewayScraper:INFO - Queue: 61 || Crawled: 254 || Verses Found: 254
BibleGatewayScraper:INFO - Queue: 60 || Crawled: 255 || Verses Found: 255
BibleGatewayScraper:INFO - Queue: 59 || Crawled: 256 || Verses Found: 256
BibleGatewayScraper:INFO - Queue: 58 || Crawled: 257 || Verses Found: 257
BibleGatewayScraper:INFO - Queue: 57 || Crawled: 258 || Verses Found: 258
BibleGatewayScraper:INFO - Queue: 56 || Crawled: 259 || Verses Found: 259
BibleGatewayScraper:INFO - Queue: 55 || Crawled: 260 || Verses Found: 260
BibleGatewayScraper:INFO - Queue: 54 || Crawled: 261 || Verses Found: 261
BibleGatewayScraper:INFO - Queue: 53 || Crawled: 262 || Verses Found: 262
BibleGatewayScraper:INFO - Queue: 52 || Crawled: 263 || Verses Found: 263
BibleGatewayScraper:INFO - Queue: 51 || Crawled: 264 || Verses Found: 264
BibleGatewayScraper:INFO - Queue: 50 || Crawled: 265 || Verses Found: 265
BibleGatewayScraper:INFO - Queue: 49 || Crawled: 266 || Verses Found: 266
BibleGatewayScraper:INFO - Queue: 48 || Crawled: 267 || Verses Found: 267
BibleGatewayScraper:INFO - Queue: 47 || Crawled: 268 || Verses Found: 268
BibleGatewayScraper:INFO - Queue: 46 || Crawled: 269 || Verses Found: 269
BibleGatewayScraper:INFO - Queue: 45 || Crawled: 270 || Verses Found: 270
BibleGatewayScraper:INFO - Queue: 44 || Crawled: 271 || Verses Found: 271
BibleGatewayScraper:INFO - Queue: 43 || Crawled: 272 || Verses Found: 272
BibleGatewayScraper:INFO - Queue: 42 || Crawled: 273 || Verses Found: 273
BibleGatewayScraper:INFO - Queue: 41 || Crawled: 274 || Verses Found: 274
BibleGatewayScraper:INFO - Queue: 40 || Crawled: 275 || Verses Found: 275
BibleGatewayScraper:INFO - Queue: 39 || Crawled: 276 || Verses Found: 276
BibleGatewayScraper:INFO - Queue: 38 || Crawled: 277 || Verses Found: 277
BibleGatewayScraper:INFO - Queue: 37 || Crawled: 278 || Verses Found: 278
BibleGatewayScraper:INFO - Queue: 36 || Crawled: 279 || Verses Found: 279
BibleGatewayScraper:INFO - Queue: 35 || Crawled: 280 || Verses Found: 280
BibleGatewayScraper:INFO - Queue: 34 || Crawled: 281 || Verses Found: 281
BibleGatewayScraper:INFO - Queue: 33 || Crawled: 282 || Verses Found: 282
BibleGatewayScraper:INFO - Queue: 32 || Crawled: 283 || Verses Found: 283
BibleGatewayScraper:INFO - Queue: 31 || Crawled: 284 || Verses Found: 284
BibleGatewayScraper:INFO - Queue: 30 || Crawled: 285 || Verses Found: 285
BibleGatewayScraper:INFO - Queue: 29 || Crawled: 286 || Verses Found: 286
BibleGatewayScraper:INFO - Queue: 28 || Crawled: 287 || Verses Found: 287
BibleGatewayScraper:INFO - Queue: 27 || Crawled: 288 || Verses Found: 288
BibleGatewayScraper:INFO - Queue: 26 || Crawled: 289 || Verses Found: 289
BibleGatewayScraper:INFO - Queue: 25 || Crawled: 290 || Verses Found: 290
BibleGatewayScraper:INFO - Queue: 24 || Crawled: 291 || Verses Found: 291
BibleGatewayScraper:INFO - Queue: 23 || Crawled: 292 || Verses Found: 292
BibleGatewayScraper:INFO - Queue: 22 || Crawled: 293 || Verses Found: 293
BibleGatewayScraper:INFO - Queue: 21 || Crawled: 294 || Verses Found: 294
BibleGatewayScraper:INFO - Queue: 20 || Crawled: 295 || Verses Found: 295
BibleGatewayScraper:INFO - Queue: 19 || Crawled: 296 || Verses Found: 296
BibleGatewayScraper:INFO - Queue: 18 || Crawled: 297 || Verses Found: 297
BibleGatewayScraper:INFO - Queue: 17 || Crawled: 298 || Verses Found: 298
BibleGatewayScraper:INFO - Queue: 16 || Crawled: 299 || Verses Found: 299
BibleGatewayScraper:INFO - Queue: 15 || Crawled: 300 || Verses Found: 300
BibleGatewayScraper:INFO - Queue: 14 || Crawled: 301 || Verses Found: 301
BibleGatewayScraper:INFO - Queue: 13 || Crawled: 302 || Verses Found: 302
BibleGatewayScraper:INFO - Queue: 12 || Crawled: 303 || Verses Found: 303
BibleGatewayScraper:INFO - Queue: 11 || Crawled: 304 || Verses Found: 304
BibleGatewayScraper:INFO - Queue: 10 || Crawled: 305 || Verses Found: 305
BibleGatewayScraper:INFO - Queue: 9 || Crawled: 306 || Verses Found: 306
BibleGatewayScraper:INFO - Queue: 8 || Crawled: 307 || Verses Found: 307
BibleGatewayScraper:INFO - Queue: 7 || Crawled: 308 || Verses Found: 308
BibleGatewayScraper:INFO - Queue: 6 || Crawled: 309 || Verses Found: 309
BibleGatewayScraper:INFO - Queue: 5 || Crawled: 310 || Verses Found: 310
BibleGatewayScraper:INFO - Queue: 4 || Crawled: 311 || Verses Found: 311
BibleGatewayScraper:INFO - Queue: 3 || Crawled: 312 || Verses Found: 312
BibleGatewayScraper:INFO - Queue: 2 || Crawled: 313 || Verses Found: 313
BibleGatewayScraper:INFO - Queue: 1 || Crawled: 314 || Verses Found: 314
BibleGatewayScraper:INFO - Queue: 0 || Crawled: 315 || Verses Found: 315
BibleGatewayScraper:INFO - Saving data retrieved...
BibleGatewayScraper:INFO - 115 records saved to biblegateway_results_2023-12-22.csv
BibleGatewayScraper:INFO - Scraper done scraping all the 1 john chapters.
